{"F:\\Workspace\\Finder\\interactive-table\\react-interactive-table\\src\\Table.js": {"path":"F:\\Workspace\\Finder\\interactive-table\\react-interactive-table\\src\\Table.js","statementMap":{"0":{"start":{"line":1,"column":39},"end":{"line":1,"column":101}},"1":{"start":{"line":1,"column":120},"end":{"line":1,"column":202}}},"fnMap":{},"branchMap":{},"s":{"0":0,"1":0},"f":{},"b":{}}
,"F:\\Workspace\\Finder\\interactive-table\\react-interactive-table\\src\\index.js": {"path":"F:\\Workspace\\Finder\\interactive-table\\react-interactive-table\\src\\index.js","statementMap":{"0":{"start":{"line":1,"column":58},"end":{"line":1,"column":140}},"1":{"start":{"line":4,"column":225},"end":{"line":4,"column":279}}},"fnMap":{"0":{"name":"_interopRequireDefault","decl":{"start":{"line":4,"column":196},"end":{"line":4,"column":218}},"loc":{"start":{"line":4,"column":224},"end":{"line":4,"column":280}},"line":4}},"branchMap":{"0":{"loc":{"start":{"line":4,"column":232},"end":{"line":4,"column":278}},"type":"cond-expr","locations":[{"start":{"line":4,"column":256},"end":{"line":4,"column":259}},{"start":{"line":4,"column":262},"end":{"line":4,"column":278}}],"line":4},"1":{"loc":{"start":{"line":4,"column":232},"end":{"line":4,"column":253}},"type":"binary-expr","locations":[{"start":{"line":4,"column":232},"end":{"line":4,"column":235}},{"start":{"line":4,"column":239},"end":{"line":4,"column":253}}],"line":4}},"s":{"0":0,"1":0},"f":{"0":0},"b":{"0":[0,0],"1":[0,0]}}
,"F:\\Workspace\\Finder\\interactive-table\\react-interactive-table\\src\\mocks.js": {"path":"F:\\Workspace\\Finder\\interactive-table\\react-interactive-table\\src\\mocks.js","statementMap":{"0":{"start":{"line":1,"column":39},"end":{"line":1,"column":101}},"1":{"start":{"line":1,"column":118},"end":{"line":20,"column":13}}},"fnMap":{},"branchMap":{},"s":{"0":0,"1":0},"f":{},"b":{}}
,"F:\\Workspace\\Finder\\interactive-table\\react-interactive-table\\src\\service.js": {"path":"F:\\Workspace\\Finder\\interactive-table\\react-interactive-table\\src\\service.js","statementMap":{"0":{"start":{"line":1,"column":39},"end":{"line":1,"column":101}},"1":{"start":{"line":1,"column":101},"end":{"line":1,"column":173}},"2":{"start":{"line":1,"column":351},"end":{"line":1,"column":405}},"3":{"start":{"line":3,"column":19},"end":{"line":10,"column":4}},"4":{"start":{"line":4,"column":26},"end":{"line":10,"column":4}},"5":{"start":{"line":5,"column":21},"end":{"line":7,"column":2}},"6":{"start":{"line":6,"column":2},"end":{"line":6,"column":47}},"7":{"start":{"line":8,"column":23},"end":{"line":10,"column":2}},"8":{"start":{"line":9,"column":2},"end":{"line":9,"column":47}},"9":{"start":{"line":13,"column":41},"end":{"line":18,"column":74}},"10":{"start":{"line":21,"column":44},"end":{"line":21,"column":114}},"11":{"start":{"line":23,"column":22},"end":{"line":23,"column":167}},"12":{"start":{"line":25,"column":19},"end":{"line":26,"column":83}}},"fnMap":{"0":{"name":"_interopRequireDefault","decl":{"start":{"line":1,"column":322},"end":{"line":1,"column":344}},"loc":{"start":{"line":1,"column":350},"end":{"line":1,"column":406}},"line":1},"1":{"name":"(anonymous_1)","decl":{"start":{"line":3,"column":19},"end":{"line":3,"column":20}},"loc":{"start":{"line":4,"column":26},"end":{"line":10,"column":4}},"line":4},"2":{"name":"(anonymous_2)","decl":{"start":{"line":5,"column":14},"end":{"line":5,"column":15}},"loc":{"start":{"line":5,"column":21},"end":{"line":7,"column":2}},"line":5},"3":{"name":"(anonymous_3)","decl":{"start":{"line":5,"column":33},"end":{"line":5,"column":34}},"loc":{"start":{"line":5,"column":45},"end":{"line":7,"column":1}},"line":5},"4":{"name":"(anonymous_4)","decl":{"start":{"line":8,"column":16},"end":{"line":8,"column":17}},"loc":{"start":{"line":8,"column":23},"end":{"line":10,"column":2}},"line":8},"5":{"name":"(anonymous_5)","decl":{"start":{"line":8,"column":35},"end":{"line":8,"column":36}},"loc":{"start":{"line":8,"column":47},"end":{"line":10,"column":1}},"line":8}},"branchMap":{"0":{"loc":{"start":{"line":1,"column":358},"end":{"line":1,"column":404}},"type":"cond-expr","locations":[{"start":{"line":1,"column":382},"end":{"line":1,"column":385}},{"start":{"line":1,"column":388},"end":{"line":1,"column":404}}],"line":1},"1":{"loc":{"start":{"line":1,"column":358},"end":{"line":1,"column":379}},"type":"binary-expr","locations":[{"start":{"line":1,"column":358},"end":{"line":1,"column":361}},{"start":{"line":1,"column":365},"end":{"line":1,"column":379}}],"line":1}},"s":{"0":0,"1":0,"2":0,"3":0,"4":0,"5":0,"6":0,"7":0,"8":0,"9":0,"10":0,"11":0,"12":0},"f":{"0":0,"1":0,"2":0,"3":0,"4":0,"5":0},"b":{"0":[0,0],"1":[0,0]}}
,"F:\\Workspace\\Finder\\interactive-table\\react-interactive-table\\src\\components\\bars\\actionBar\\Component.js": {"path":"F:\\Workspace\\Finder\\interactive-table\\react-interactive-table\\src\\components\\bars\\actionBar\\Component.js","statementMap":{"0":{"start":{"line":1,"column":39},"end":{"line":1,"column":101}},"1":{"start":{"line":1,"column":120},"end":{"line":1,"column":235}},"2":{"start":{"line":6,"column":182},"end":{"line":6,"column":236}},"3":{"start":{"line":8,"column":18},"end":{"line":26,"column":299}},"4":{"start":{"line":16,"column":26},"end":{"line":26,"column":299}}},"fnMap":{"0":{"name":"_interopRequireDefault","decl":{"start":{"line":6,"column":153},"end":{"line":6,"column":175}},"loc":{"start":{"line":6,"column":181},"end":{"line":6,"column":237}},"line":6},"1":{"name":"(anonymous_1)","decl":{"start":{"line":8,"column":18},"end":{"line":8,"column":19}},"loc":{"start":{"line":16,"column":26},"end":{"line":26,"column":299}},"line":16}},"branchMap":{"0":{"loc":{"start":{"line":6,"column":189},"end":{"line":6,"column":235}},"type":"cond-expr","locations":[{"start":{"line":6,"column":213},"end":{"line":6,"column":216}},{"start":{"line":6,"column":219},"end":{"line":6,"column":235}}],"line":6},"1":{"loc":{"start":{"line":6,"column":189},"end":{"line":6,"column":210}},"type":"binary-expr","locations":[{"start":{"line":6,"column":189},"end":{"line":6,"column":192}},{"start":{"line":6,"column":196},"end":{"line":6,"column":210}}],"line":6},"2":{"loc":{"start":{"line":12,"column":2},"end":{"line":12,"column":38}},"type":"default-arg","locations":[{"start":{"line":12,"column":26},"end":{"line":12,"column":38}}],"line":12},"3":{"loc":{"start":{"line":13,"column":2},"end":{"line":13,"column":17}},"type":"default-arg","locations":[{"start":{"line":13,"column":12},"end":{"line":13,"column":17}}],"line":13}},"s":{"0":0,"1":0,"2":0,"3":0,"4":0},"f":{"0":0,"1":0},"b":{"0":[0,0],"1":[0,0],"2":[0],"3":[0]}}
,"F:\\Workspace\\Finder\\interactive-table\\react-interactive-table\\src\\components\\bars\\actionBar\\Styles.js": {"path":"F:\\Workspace\\Finder\\interactive-table\\react-interactive-table\\src\\components\\bars\\actionBar\\Styles.js","statementMap":{"0":{"start":{"line":1,"column":39},"end":{"line":1,"column":101}},"1":{"start":{"line":1,"column":116},"end":{"line":3,"column":18}}},"fnMap":{},"branchMap":{},"s":{"0":0,"1":0},"f":{},"b":{}}
,"F:\\Workspace\\Finder\\interactive-table\\react-interactive-table\\src\\components\\filters\\multipleChoiceFilters\\Component.js": {"path":"F:\\Workspace\\Finder\\interactive-table\\react-interactive-table\\src\\components\\filters\\multipleChoiceFilters\\Component.js","statementMap":{"0":{"start":{"line":1,"column":39},"end":{"line":1,"column":101}},"1":{"start":{"line":1,"column":120},"end":{"line":1,"column":250}},"2":{"start":{"line":3,"column":172},"end":{"line":3,"column":226}},"3":{"start":{"line":5,"column":30},"end":{"line":23,"column":1}},"4":{"start":{"line":6,"column":2},"end":{"line":16,"column":109}},"5":{"start":{"line":12,"column":34},"end":{"line":16,"column":104}}},"fnMap":{"0":{"name":"_interopRequireDefault","decl":{"start":{"line":3,"column":143},"end":{"line":3,"column":165}},"loc":{"start":{"line":3,"column":171},"end":{"line":3,"column":227}},"line":3},"1":{"name":"(anonymous_1)","decl":{"start":{"line":5,"column":30},"end":{"line":5,"column":31}},"loc":{"start":{"line":5,"column":64},"end":{"line":23,"column":1}},"line":5},"2":{"name":"(anonymous_2)","decl":{"start":{"line":11,"column":33},"end":{"line":11,"column":34}},"loc":{"start":{"line":12,"column":34},"end":{"line":16,"column":104}},"line":12}},"branchMap":{"0":{"loc":{"start":{"line":3,"column":179},"end":{"line":3,"column":225}},"type":"cond-expr","locations":[{"start":{"line":3,"column":203},"end":{"line":3,"column":206}},{"start":{"line":3,"column":209},"end":{"line":3,"column":225}}],"line":3},"1":{"loc":{"start":{"line":3,"column":179},"end":{"line":3,"column":200}},"type":"binary-expr","locations":[{"start":{"line":3,"column":179},"end":{"line":3,"column":182}},{"start":{"line":3,"column":186},"end":{"line":3,"column":200}}],"line":3}},"s":{"0":0,"1":0,"2":0,"3":0,"4":0,"5":0},"f":{"0":0,"1":0,"2":0},"b":{"0":[0,0],"1":[0,0]}}
,"F:\\Workspace\\Finder\\interactive-table\\react-interactive-table\\src\\components\\filters\\multipleChoiceFilters\\Styles.js": {"path":"F:\\Workspace\\Finder\\interactive-table\\react-interactive-table\\src\\components\\filters\\multipleChoiceFilters\\Styles.js","statementMap":{"0":{"start":{"line":1,"column":39},"end":{"line":1,"column":101}},"1":{"start":{"line":1,"column":116},"end":{"line":4,"column":24}}},"fnMap":{},"branchMap":{},"s":{"0":0,"1":0},"f":{},"b":{}}
,"F:\\Workspace\\Finder\\interactive-table\\react-interactive-table\\src\\components\\filters\\sliderFilter\\Component.js": {"path":"F:\\Workspace\\Finder\\interactive-table\\react-interactive-table\\src\\components\\filters\\sliderFilter\\Component.js","statementMap":{"0":{"start":{"line":1,"column":39},"end":{"line":1,"column":101}},"1":{"start":{"line":1,"column":120},"end":{"line":1,"column":241}},"2":{"start":{"line":3,"column":172},"end":{"line":3,"column":226}},"3":{"start":{"line":5,"column":21},"end":{"line":27,"column":1}},"4":{"start":{"line":6,"column":23},"end":{"line":6,"column":52}},"5":{"start":{"line":6,"column":37},"end":{"line":6,"column":52}},"6":{"start":{"line":8,"column":2},"end":{"line":23,"column":215}}},"fnMap":{"0":{"name":"_interopRequireDefault","decl":{"start":{"line":3,"column":143},"end":{"line":3,"column":165}},"loc":{"start":{"line":3,"column":171},"end":{"line":3,"column":227}},"line":3},"1":{"name":"(anonymous_1)","decl":{"start":{"line":5,"column":21},"end":{"line":5,"column":22}},"loc":{"start":{"line":5,"column":83},"end":{"line":27,"column":1}},"line":5},"2":{"name":"(anonymous_2)","decl":{"start":{"line":6,"column":23},"end":{"line":6,"column":24}},"loc":{"start":{"line":6,"column":37},"end":{"line":6,"column":52}},"line":6}},"branchMap":{"0":{"loc":{"start":{"line":3,"column":179},"end":{"line":3,"column":225}},"type":"cond-expr","locations":[{"start":{"line":3,"column":203},"end":{"line":3,"column":206}},{"start":{"line":3,"column":209},"end":{"line":3,"column":225}}],"line":3},"1":{"loc":{"start":{"line":3,"column":179},"end":{"line":3,"column":200}},"type":"binary-expr","locations":[{"start":{"line":3,"column":179},"end":{"line":3,"column":182}},{"start":{"line":3,"column":186},"end":{"line":3,"column":200}}],"line":3},"2":{"loc":{"start":{"line":5,"column":44},"end":{"line":5,"column":52}},"type":"default-arg","locations":[{"start":{"line":5,"column":51},"end":{"line":5,"column":52}}],"line":5}},"s":{"0":0,"1":0,"2":0,"3":0,"4":0,"5":0,"6":0},"f":{"0":0,"1":0,"2":0},"b":{"0":[0,0],"1":[0,0],"2":[0]}}
,"F:\\Workspace\\Finder\\interactive-table\\react-interactive-table\\src\\components\\filters\\sliderFilter\\Styles.js": {"path":"F:\\Workspace\\Finder\\interactive-table\\react-interactive-table\\src\\components\\filters\\sliderFilter\\Styles.js","statementMap":{"0":{"start":{"line":1,"column":39},"end":{"line":1,"column":101}},"1":{"start":{"line":3,"column":15},"end":{"line":20,"column":26}}},"fnMap":{},"branchMap":{},"s":{"0":0,"1":0},"f":{},"b":{}}
,"F:\\Workspace\\Finder\\interactive-table\\react-interactive-table\\src\\components\\filters\\sortFilter\\Component.js": {"path":"F:\\Workspace\\Finder\\interactive-table\\react-interactive-table\\src\\components\\filters\\sortFilter\\Component.js","statementMap":{"0":{"start":{"line":1,"column":39},"end":{"line":1,"column":101}},"1":{"start":{"line":1,"column":120},"end":{"line":1,"column":239}},"2":{"start":{"line":3,"column":190},"end":{"line":3,"column":244}},"3":{"start":{"line":7,"column":4},"end":{"line":7,"column":17}},"4":{"start":{"line":8,"column":4},"end":{"line":9,"column":18}},"5":{"start":{"line":11,"column":4},"end":{"line":11,"column":53}},"6":{"start":{"line":14,"column":4},"end":{"line":14,"column":29}},"7":{"start":{"line":15,"column":4},"end":{"line":15,"column":29}},"8":{"start":{"line":18,"column":4},"end":{"line":19,"column":33}},"9":{"start":{"line":23,"column":4},"end":{"line":43,"column":119}},"10":{"start":{"line":31,"column":34},"end":{"line":34,"column":116}},"11":{"start":{"line":40,"column":34},"end":{"line":43,"column":115}}},"fnMap":{"0":{"name":"_interopRequireDefault","decl":{"start":{"line":3,"column":161},"end":{"line":3,"column":183}},"loc":{"start":{"line":3,"column":189},"end":{"line":3,"column":245}},"line":3},"1":{"name":"(anonymous_1)","decl":{"start":{"line":6,"column":2},"end":{"line":6,"column":3}},"loc":{"start":{"line":6,"column":21},"end":{"line":12,"column":3}},"line":6},"2":{"name":"(anonymous_2)","decl":{"start":{"line":13,"column":2},"end":{"line":13,"column":3}},"loc":{"start":{"line":13,"column":36},"end":{"line":16,"column":3}},"line":13},"3":{"name":"(anonymous_3)","decl":{"start":{"line":17,"column":2},"end":{"line":17,"column":3}},"loc":{"start":{"line":17,"column":22},"end":{"line":21,"column":3}},"line":17},"4":{"name":"(anonymous_4)","decl":{"start":{"line":22,"column":2},"end":{"line":22,"column":3}},"loc":{"start":{"line":22,"column":11},"end":{"line":49,"column":3}},"line":22},"5":{"name":"(anonymous_5)","decl":{"start":{"line":30,"column":31},"end":{"line":30,"column":32}},"loc":{"start":{"line":31,"column":34},"end":{"line":34,"column":116}},"line":31},"6":{"name":"(anonymous_6)","decl":{"start":{"line":39,"column":31},"end":{"line":39,"column":32}},"loc":{"start":{"line":40,"column":34},"end":{"line":43,"column":115}},"line":40}},"branchMap":{"0":{"loc":{"start":{"line":3,"column":197},"end":{"line":3,"column":243}},"type":"cond-expr","locations":[{"start":{"line":3,"column":221},"end":{"line":3,"column":224}},{"start":{"line":3,"column":227},"end":{"line":3,"column":243}}],"line":3},"1":{"loc":{"start":{"line":3,"column":197},"end":{"line":3,"column":218}},"type":"binary-expr","locations":[{"start":{"line":3,"column":197},"end":{"line":3,"column":200}},{"start":{"line":3,"column":204},"end":{"line":3,"column":218}}],"line":3}},"s":{"0":0,"1":0,"2":0,"3":0,"4":0,"5":0,"6":0,"7":0,"8":0,"9":0,"10":0,"11":0},"f":{"0":0,"1":0,"2":0,"3":0,"4":0,"5":0,"6":0},"b":{"0":[0,0],"1":[0,0]}}
,"F:\\Workspace\\Finder\\interactive-table\\react-interactive-table\\src\\components\\inputs\\checkbox\\Component.js": {"path":"F:\\Workspace\\Finder\\interactive-table\\react-interactive-table\\src\\components\\inputs\\checkbox\\Component.js","statementMap":{"0":{"start":{"line":1,"column":39},"end":{"line":1,"column":101}},"1":{"start":{"line":1,"column":120},"end":{"line":1,"column":236}},"2":{"start":{"line":3,"column":172},"end":{"line":3,"column":226}},"3":{"start":{"line":5,"column":23},"end":{"line":18,"column":1}},"4":{"start":{"line":6,"column":23},"end":{"line":8,"column":3}},"5":{"start":{"line":7,"column":4},"end":{"line":7,"column":37}},"6":{"start":{"line":10,"column":2},"end":{"line":15,"column":105}}},"fnMap":{"0":{"name":"_interopRequireDefault","decl":{"start":{"line":3,"column":143},"end":{"line":3,"column":165}},"loc":{"start":{"line":3,"column":171},"end":{"line":3,"column":227}},"line":3},"1":{"name":"(anonymous_1)","decl":{"start":{"line":5,"column":23},"end":{"line":5,"column":24}},"loc":{"start":{"line":5,"column":56},"end":{"line":18,"column":1}},"line":5},"2":{"name":"(anonymous_2)","decl":{"start":{"line":6,"column":23},"end":{"line":6,"column":24}},"loc":{"start":{"line":6,"column":28},"end":{"line":8,"column":3}},"line":6}},"branchMap":{"0":{"loc":{"start":{"line":3,"column":179},"end":{"line":3,"column":225}},"type":"cond-expr","locations":[{"start":{"line":3,"column":203},"end":{"line":3,"column":206}},{"start":{"line":3,"column":209},"end":{"line":3,"column":225}}],"line":3},"1":{"loc":{"start":{"line":3,"column":179},"end":{"line":3,"column":200}},"type":"binary-expr","locations":[{"start":{"line":3,"column":179},"end":{"line":3,"column":182}},{"start":{"line":3,"column":186},"end":{"line":3,"column":200}}],"line":3}},"s":{"0":0,"1":0,"2":0,"3":0,"4":0,"5":0,"6":0},"f":{"0":0,"1":0,"2":0},"b":{"0":[0,0],"1":[0,0]}}
,"F:\\Workspace\\Finder\\interactive-table\\react-interactive-table\\src\\components\\inputs\\checkbox\\Styles.js": {"path":"F:\\Workspace\\Finder\\interactive-table\\react-interactive-table\\src\\components\\inputs\\checkbox\\Styles.js","statementMap":{"0":{"start":{"line":1,"column":39},"end":{"line":1,"column":101}},"1":{"start":{"line":1,"column":116},"end":{"line":2,"column":16}}},"fnMap":{},"branchMap":{},"s":{"0":0,"1":0},"f":{},"b":{}}
,"F:\\Workspace\\Finder\\interactive-table\\react-interactive-table\\src\\components\\lists\\rating\\Component.js": {"path":"F:\\Workspace\\Finder\\interactive-table\\react-interactive-table\\src\\components\\lists\\rating\\Component.js","statementMap":{"0":{"start":{"line":1,"column":39},"end":{"line":1,"column":101}},"1":{"start":{"line":1,"column":120},"end":{"line":1,"column":233}},"2":{"start":{"line":4,"column":172},"end":{"line":4,"column":226}},"3":{"start":{"line":6,"column":19},"end":{"line":19,"column":1}},"4":{"start":{"line":7,"column":12},"end":{"line":7,"column":14}},"5":{"start":{"line":9,"column":1},"end":{"line":14,"column":2}},"6":{"start":{"line":10,"column":2},"end":{"line":12,"column":276}},"7":{"start":{"line":16,"column":1},"end":{"line":17,"column":317}}},"fnMap":{"0":{"name":"_interopRequireDefault","decl":{"start":{"line":4,"column":143},"end":{"line":4,"column":165}},"loc":{"start":{"line":4,"column":171},"end":{"line":4,"column":227}},"line":4},"1":{"name":"(anonymous_1)","decl":{"start":{"line":6,"column":19},"end":{"line":6,"column":20}},"loc":{"start":{"line":6,"column":34},"end":{"line":19,"column":1}},"line":6}},"branchMap":{"0":{"loc":{"start":{"line":4,"column":179},"end":{"line":4,"column":225}},"type":"cond-expr","locations":[{"start":{"line":4,"column":203},"end":{"line":4,"column":206}},{"start":{"line":4,"column":209},"end":{"line":4,"column":225}}],"line":4},"1":{"loc":{"start":{"line":4,"column":179},"end":{"line":4,"column":200}},"type":"binary-expr","locations":[{"start":{"line":4,"column":179},"end":{"line":4,"column":182}},{"start":{"line":4,"column":186},"end":{"line":4,"column":200}}],"line":4}},"s":{"0":0,"1":0,"2":0,"3":0,"4":0,"5":0,"6":0,"7":0},"f":{"0":0,"1":0},"b":{"0":[0,0],"1":[0,0]}}
,"F:\\Workspace\\Finder\\interactive-table\\react-interactive-table\\src\\components\\lists\\rating\\Styles.js": {"path":"F:\\Workspace\\Finder\\interactive-table\\react-interactive-table\\src\\components\\lists\\rating\\Styles.js","statementMap":{"0":{"start":{"line":1,"column":39},"end":{"line":1,"column":101}},"1":{"start":{"line":3,"column":15},"end":{"line":12,"column":57}}},"fnMap":{},"branchMap":{},"s":{"0":0,"1":0},"f":{},"b":{}}
,"F:\\Workspace\\Finder\\interactive-table\\react-interactive-table\\src\\components\\loader\\Component.js": {"path":"F:\\Workspace\\Finder\\interactive-table\\react-interactive-table\\src\\components\\loader\\Component.js","statementMap":{"0":{"start":{"line":1,"column":39},"end":{"line":1,"column":101}},"1":{"start":{"line":1,"column":120},"end":{"line":1,"column":226}},"2":{"start":{"line":3,"column":172},"end":{"line":3,"column":226}},"3":{"start":{"line":5,"column":15},"end":{"line":12,"column":269}},"4":{"start":{"line":6,"column":26},"end":{"line":12,"column":269}}},"fnMap":{"0":{"name":"_interopRequireDefault","decl":{"start":{"line":3,"column":143},"end":{"line":3,"column":165}},"loc":{"start":{"line":3,"column":171},"end":{"line":3,"column":227}},"line":3},"1":{"name":"(anonymous_1)","decl":{"start":{"line":5,"column":15},"end":{"line":5,"column":16}},"loc":{"start":{"line":6,"column":26},"end":{"line":12,"column":269}},"line":6}},"branchMap":{"0":{"loc":{"start":{"line":3,"column":179},"end":{"line":3,"column":225}},"type":"cond-expr","locations":[{"start":{"line":3,"column":203},"end":{"line":3,"column":206}},{"start":{"line":3,"column":209},"end":{"line":3,"column":225}}],"line":3},"1":{"loc":{"start":{"line":3,"column":179},"end":{"line":3,"column":200}},"type":"binary-expr","locations":[{"start":{"line":3,"column":179},"end":{"line":3,"column":182}},{"start":{"line":3,"column":186},"end":{"line":3,"column":200}}],"line":3},"2":{"loc":{"start":{"line":5,"column":18},"end":{"line":5,"column":28}},"type":"default-arg","locations":[{"start":{"line":5,"column":26},"end":{"line":5,"column":28}}],"line":5},"3":{"loc":{"start":{"line":8,"column":1},"end":{"line":9,"column":257}},"type":"binary-expr","locations":[{"start":{"line":8,"column":1},"end":{"line":8,"column":13}}],"line":8}},"s":{"0":0,"1":0,"2":0,"3":0,"4":0},"f":{"0":0,"1":0},"b":{"0":[0,0],"1":[0,0],"2":[0],"3":[0]}}
,"F:\\Workspace\\Finder\\interactive-table\\react-interactive-table\\src\\components\\loader\\Styles.js": {"path":"F:\\Workspace\\Finder\\interactive-table\\react-interactive-table\\src\\components\\loader\\Styles.js","statementMap":{"0":{"start":{"line":1,"column":39},"end":{"line":1,"column":101}},"1":{"start":{"line":1,"column":116},"end":{"line":9,"column":21}}},"fnMap":{},"branchMap":{},"s":{"0":0,"1":0},"f":{},"b":{}}
,"F:\\Workspace\\Finder\\interactive-table\\react-interactive-table\\src\\components\\tables\\custom\\Component.js": {"path":"F:\\Workspace\\Finder\\interactive-table\\react-interactive-table\\src\\components\\tables\\custom\\Component.js","statementMap":{"0":{"start":{"line":1,"column":39},"end":{"line":1,"column":101}},"1":{"start":{"line":1,"column":120},"end":{"line":1,"column":234}},"2":{"start":{"line":11,"column":20},"end":{"line":19,"column":233}},"3":{"start":{"line":12,"column":26},"end":{"line":19,"column":233}},"4":{"start":{"line":19,"column":30},"end":{"line":19,"column":230}}},"fnMap":{"0":{"name":"(anonymous_0)","decl":{"start":{"line":11,"column":20},"end":{"line":11,"column":21}},"loc":{"start":{"line":12,"column":26},"end":{"line":19,"column":233}},"line":12},"1":{"name":"(anonymous_1)","decl":{"start":{"line":18,"column":13},"end":{"line":18,"column":14}},"loc":{"start":{"line":19,"column":30},"end":{"line":19,"column":230}},"line":19}},"branchMap":{},"s":{"0":0,"1":0,"2":0,"3":0,"4":0},"f":{"0":0,"1":0},"b":{}}
,"F:\\Workspace\\Finder\\interactive-table\\react-interactive-table\\src\\components\\tables\\custom\\rows\\bodyRow\\Component.js": {"path":"F:\\Workspace\\Finder\\interactive-table\\react-interactive-table\\src\\components\\tables\\custom\\rows\\bodyRow\\Component.js","statementMap":{"0":{"start":{"line":1,"column":39},"end":{"line":1,"column":101}},"1":{"start":{"line":1,"column":120},"end":{"line":1,"column":249}},"2":{"start":{"line":7,"column":172},"end":{"line":7,"column":226}},"3":{"start":{"line":9,"column":16},"end":{"line":33,"column":1}},"4":{"start":{"line":10,"column":16},"end":{"line":10,"column":20}},"5":{"start":{"line":12,"column":2},"end":{"line":29,"column":11}},"6":{"start":{"line":16,"column":8},"end":{"line":20,"column":9}},"7":{"start":{"line":17,"column":10},"end":{"line":17,"column":245}},"8":{"start":{"line":19,"column":10},"end":{"line":19,"column":30}},"9":{"start":{"line":22,"column":8},"end":{"line":26,"column":22}}},"fnMap":{"0":{"name":"_interopRequireDefault","decl":{"start":{"line":7,"column":143},"end":{"line":7,"column":165}},"loc":{"start":{"line":7,"column":171},"end":{"line":7,"column":227}},"line":7},"1":{"name":"(anonymous_1)","decl":{"start":{"line":9,"column":16},"end":{"line":9,"column":17}},"loc":{"start":{"line":9,"column":29},"end":{"line":33,"column":1}},"line":9},"2":{"name":"(anonymous_2)","decl":{"start":{"line":15,"column":27},"end":{"line":15,"column":28}},"loc":{"start":{"line":15,"column":42},"end":{"line":29,"column":7}},"line":15}},"branchMap":{"0":{"loc":{"start":{"line":7,"column":179},"end":{"line":7,"column":225}},"type":"cond-expr","locations":[{"start":{"line":7,"column":203},"end":{"line":7,"column":206}},{"start":{"line":7,"column":209},"end":{"line":7,"column":225}}],"line":7},"1":{"loc":{"start":{"line":7,"column":179},"end":{"line":7,"column":200}},"type":"binary-expr","locations":[{"start":{"line":7,"column":179},"end":{"line":7,"column":182}},{"start":{"line":7,"column":186},"end":{"line":7,"column":200}}],"line":7},"2":{"loc":{"start":{"line":16,"column":8},"end":{"line":20,"column":9}},"type":"if","locations":[{"start":{"line":16,"column":8},"end":{"line":20,"column":9}},{"start":{"line":16,"column":8},"end":{"line":20,"column":9}}],"line":16}},"s":{"0":0,"1":0,"2":0,"3":0,"4":0,"5":0,"6":0,"7":0,"8":0,"9":0},"f":{"0":0,"1":0,"2":0},"b":{"0":[0,0],"1":[0,0],"2":[0,0]}}
,"F:\\Workspace\\Finder\\interactive-table\\react-interactive-table\\src\\components\\tables\\custom\\rows\\bodyRow\\Styles.js": {"path":"F:\\Workspace\\Finder\\interactive-table\\react-interactive-table\\src\\components\\tables\\custom\\rows\\bodyRow\\Styles.js","statementMap":{"0":{"start":{"line":1,"column":39},"end":{"line":1,"column":101}},"1":{"start":{"line":1,"column":116},"end":{"line":3,"column":25}}},"fnMap":{},"branchMap":{},"s":{"0":0,"1":0},"f":{},"b":{}}
,"F:\\Workspace\\Finder\\interactive-table\\react-interactive-table\\src\\components\\tables\\custom\\rows\\headRow\\Component.js": {"path":"F:\\Workspace\\Finder\\interactive-table\\react-interactive-table\\src\\components\\tables\\custom\\rows\\headRow\\Component.js","statementMap":{"0":{"start":{"line":1,"column":39},"end":{"line":1,"column":101}},"1":{"start":{"line":1,"column":120},"end":{"line":1,"column":249}},"2":{"start":{"line":6,"column":172},"end":{"line":6,"column":226}},"3":{"start":{"line":8,"column":16},"end":{"line":15,"column":25}},"4":{"start":{"line":9,"column":26},"end":{"line":15,"column":25}},"5":{"start":{"line":12,"column":28},"end":{"line":15,"column":23}}},"fnMap":{"0":{"name":"_interopRequireDefault","decl":{"start":{"line":6,"column":143},"end":{"line":6,"column":165}},"loc":{"start":{"line":6,"column":171},"end":{"line":6,"column":227}},"line":6},"1":{"name":"(anonymous_1)","decl":{"start":{"line":8,"column":16},"end":{"line":8,"column":17}},"loc":{"start":{"line":9,"column":26},"end":{"line":15,"column":25}},"line":9},"2":{"name":"(anonymous_2)","decl":{"start":{"line":11,"column":19},"end":{"line":11,"column":20}},"loc":{"start":{"line":12,"column":28},"end":{"line":15,"column":23}},"line":12}},"branchMap":{"0":{"loc":{"start":{"line":6,"column":179},"end":{"line":6,"column":225}},"type":"cond-expr","locations":[{"start":{"line":6,"column":203},"end":{"line":6,"column":206}},{"start":{"line":6,"column":209},"end":{"line":6,"column":225}}],"line":6},"1":{"loc":{"start":{"line":6,"column":179},"end":{"line":6,"column":200}},"type":"binary-expr","locations":[{"start":{"line":6,"column":179},"end":{"line":6,"column":182}},{"start":{"line":6,"column":186},"end":{"line":6,"column":200}}],"line":6}},"s":{"0":0,"1":0,"2":0,"3":0,"4":0,"5":0},"f":{"0":0,"1":0,"2":0},"b":{"0":[0,0],"1":[0,0]}}
,"F:\\Workspace\\Finder\\interactive-table\\react-interactive-table\\src\\components\\tables\\custom\\rows\\headRow\\Styles.js": {"path":"F:\\Workspace\\Finder\\interactive-table\\react-interactive-table\\src\\components\\tables\\custom\\rows\\headRow\\Styles.js","statementMap":{"0":{"start":{"line":1,"column":39},"end":{"line":1,"column":101}},"1":{"start":{"line":1,"column":116},"end":{"line":3,"column":25}}},"fnMap":{},"branchMap":{},"s":{"0":0,"1":0},"f":{},"b":{}}
,"F:\\Workspace\\Finder\\interactive-table\\react-interactive-table\\src\\containers\\filtersPanel\\Container.js": {"path":"F:\\Workspace\\Finder\\interactive-table\\react-interactive-table\\src\\containers\\filtersPanel\\Container.js","statementMap":{"0":{"start":{"line":1,"column":39},"end":{"line":1,"column":101}},"1":{"start":{"line":1,"column":120},"end":{"line":1,"column":232}},"2":{"start":{"line":8,"column":172},"end":{"line":8,"column":226}},"3":{"start":{"line":12,"column":4},"end":{"line":12,"column":17}},"4":{"start":{"line":13,"column":4},"end":{"line":14,"column":24}},"5":{"start":{"line":16,"column":4},"end":{"line":16,"column":65}},"6":{"start":{"line":17,"column":4},"end":{"line":17,"column":53}},"7":{"start":{"line":20,"column":4},"end":{"line":20,"column":42}},"8":{"start":{"line":23,"column":4},"end":{"line":23,"column":40}},"9":{"start":{"line":26,"column":4},"end":{"line":55,"column":126}}},"fnMap":{"0":{"name":"_interopRequireDefault","decl":{"start":{"line":8,"column":143},"end":{"line":8,"column":165}},"loc":{"start":{"line":8,"column":171},"end":{"line":8,"column":227}},"line":8},"1":{"name":"(anonymous_1)","decl":{"start":{"line":11,"column":2},"end":{"line":11,"column":3}},"loc":{"start":{"line":11,"column":21},"end":{"line":18,"column":3}},"line":11},"2":{"name":"(anonymous_2)","decl":{"start":{"line":19,"column":2},"end":{"line":19,"column":3}},"loc":{"start":{"line":19,"column":31},"end":{"line":21,"column":3}},"line":19},"3":{"name":"(anonymous_3)","decl":{"start":{"line":22,"column":2},"end":{"line":22,"column":3}},"loc":{"start":{"line":22,"column":30},"end":{"line":24,"column":3}},"line":22},"4":{"name":"(anonymous_4)","decl":{"start":{"line":25,"column":2},"end":{"line":25,"column":3}},"loc":{"start":{"line":25,"column":11},"end":{"line":62,"column":3}},"line":25}},"branchMap":{"0":{"loc":{"start":{"line":8,"column":179},"end":{"line":8,"column":225}},"type":"cond-expr","locations":[{"start":{"line":8,"column":203},"end":{"line":8,"column":206}},{"start":{"line":8,"column":209},"end":{"line":8,"column":225}}],"line":8},"1":{"loc":{"start":{"line":8,"column":179},"end":{"line":8,"column":200}},"type":"binary-expr","locations":[{"start":{"line":8,"column":179},"end":{"line":8,"column":182}},{"start":{"line":8,"column":186},"end":{"line":8,"column":200}}],"line":8}},"s":{"0":0,"1":0,"2":0,"3":0,"4":0,"5":0,"6":0,"7":0,"8":0,"9":0},"f":{"0":0,"1":0,"2":0,"3":0,"4":0},"b":{"0":[0,0],"1":[0,0]}}
,"F:\\Workspace\\Finder\\interactive-table\\react-interactive-table\\src\\containers\\filtersPanel\\Styles.js": {"path":"F:\\Workspace\\Finder\\interactive-table\\react-interactive-table\\src\\containers\\filtersPanel\\Styles.js","statementMap":{"0":{"start":{"line":1,"column":39},"end":{"line":1,"column":101}},"1":{"start":{"line":3,"column":15},"end":{"line":17,"column":21}}},"fnMap":{},"branchMap":{},"s":{"0":0,"1":0},"f":{},"b":{}}
,"F:\\Workspace\\Finder\\interactive-table\\react-interactive-table\\src\\containers\\interactiveTable\\Container.js": {"path":"F:\\Workspace\\Finder\\interactive-table\\react-interactive-table\\src\\containers\\interactiveTable\\Container.js","statementMap":{"0":{"start":{"line":1,"column":39},"end":{"line":1,"column":101}},"1":{"start":{"line":1,"column":120},"end":{"line":1,"column":236}},"2":{"start":{"line":6,"column":172},"end":{"line":6,"column":226}},"3":{"start":{"line":10,"column":4},"end":{"line":10,"column":17}},"4":{"start":{"line":11,"column":4},"end":{"line":14,"column":20}},"5":{"start":{"line":16,"column":4},"end":{"line":16,"column":65}},"6":{"start":{"line":17,"column":4},"end":{"line":17,"column":55}},"7":{"start":{"line":18,"column":4},"end":{"line":18,"column":41}},"8":{"start":{"line":21,"column":17},"end":{"line":21,"column":32}},"9":{"start":{"line":22,"column":4},"end":{"line":22,"column":51}},"10":{"start":{"line":25,"column":4},"end":{"line":28,"column":23}},"11":{"start":{"line":34,"column":4},"end":{"line":37,"column":11}},"12":{"start":{"line":35,"column":6},"end":{"line":35,"column":33}},"13":{"start":{"line":36,"column":6},"end":{"line":36,"column":17}},"14":{"start":{"line":40,"column":4},"end":{"line":40,"column":62}},"15":{"start":{"line":40,"column":30},"end":{"line":40,"column":60}},"16":{"start":{"line":43,"column":24},"end":{"line":43,"column":57}},"17":{"start":{"line":44,"column":21},"end":{"line":44,"column":53}},"18":{"start":{"line":45,"column":4},"end":{"line":46,"column":59}},"19":{"start":{"line":45,"column":31},"end":{"line":46,"column":57}},"20":{"start":{"line":49,"column":4},"end":{"line":49,"column":61}},"21":{"start":{"line":49,"column":30},"end":{"line":49,"column":59}},"22":{"start":{"line":52,"column":4},"end":{"line":55,"column":7}},"23":{"start":{"line":58,"column":4},"end":{"line":60,"column":62}},"24":{"start":{"line":65,"column":4},"end":{"line":65,"column":43}},"25":{"start":{"line":68,"column":4},"end":{"line":68,"column":44}},"26":{"start":{"line":71,"column":4},"end":{"line":93,"column":315}}},"fnMap":{"0":{"name":"_interopRequireDefault","decl":{"start":{"line":6,"column":143},"end":{"line":6,"column":165}},"loc":{"start":{"line":6,"column":171},"end":{"line":6,"column":227}},"line":6},"1":{"name":"(anonymous_1)","decl":{"start":{"line":9,"column":2},"end":{"line":9,"column":3}},"loc":{"start":{"line":9,"column":21},"end":{"line":19,"column":3}},"line":9},"2":{"name":"(anonymous_2)","decl":{"start":{"line":20,"column":2},"end":{"line":20,"column":3}},"loc":{"start":{"line":20,"column":21},"end":{"line":23,"column":3}},"line":20},"3":{"name":"(anonymous_3)","decl":{"start":{"line":24,"column":2},"end":{"line":24,"column":3}},"loc":{"start":{"line":24,"column":13},"end":{"line":32,"column":3}},"line":24},"4":{"name":"(anonymous_4)","decl":{"start":{"line":33,"column":2},"end":{"line":33,"column":3}},"loc":{"start":{"line":33,"column":27},"end":{"line":38,"column":3}},"line":33},"5":{"name":"(anonymous_5)","decl":{"start":{"line":34,"column":34},"end":{"line":34,"column":35}},"loc":{"start":{"line":34,"column":58},"end":{"line":37,"column":5}},"line":34},"6":{"name":"(anonymous_6)","decl":{"start":{"line":39,"column":2},"end":{"line":39,"column":3}},"loc":{"start":{"line":39,"column":23},"end":{"line":41,"column":3}},"line":39},"7":{"name":"(anonymous_7)","decl":{"start":{"line":40,"column":23},"end":{"line":40,"column":24}},"loc":{"start":{"line":40,"column":30},"end":{"line":40,"column":60}},"line":40},"8":{"name":"(anonymous_8)","decl":{"start":{"line":42,"column":2},"end":{"line":42,"column":3}},"loc":{"start":{"line":42,"column":22},"end":{"line":47,"column":3}},"line":42},"9":{"name":"(anonymous_9)","decl":{"start":{"line":45,"column":21},"end":{"line":45,"column":22}},"loc":{"start":{"line":45,"column":31},"end":{"line":46,"column":57}},"line":45},"10":{"name":"(anonymous_10)","decl":{"start":{"line":48,"column":2},"end":{"line":48,"column":3}},"loc":{"start":{"line":48,"column":31},"end":{"line":50,"column":3}},"line":48},"11":{"name":"(anonymous_11)","decl":{"start":{"line":49,"column":23},"end":{"line":49,"column":24}},"loc":{"start":{"line":49,"column":30},"end":{"line":49,"column":59}},"line":49},"12":{"name":"(anonymous_12)","decl":{"start":{"line":51,"column":2},"end":{"line":51,"column":3}},"loc":{"start":{"line":51,"column":22},"end":{"line":56,"column":3}},"line":51},"13":{"name":"(anonymous_13)","decl":{"start":{"line":57,"column":2},"end":{"line":57,"column":3}},"loc":{"start":{"line":57,"column":44},"end":{"line":63,"column":3}},"line":57},"14":{"name":"(anonymous_14)","decl":{"start":{"line":64,"column":2},"end":{"line":64,"column":3}},"loc":{"start":{"line":64,"column":30},"end":{"line":66,"column":3}},"line":64},"15":{"name":"(anonymous_15)","decl":{"start":{"line":67,"column":2},"end":{"line":67,"column":3}},"loc":{"start":{"line":67,"column":21},"end":{"line":69,"column":3}},"line":67},"16":{"name":"(anonymous_16)","decl":{"start":{"line":70,"column":2},"end":{"line":70,"column":3}},"loc":{"start":{"line":70,"column":11},"end":{"line":100,"column":3}},"line":70}},"branchMap":{"0":{"loc":{"start":{"line":6,"column":179},"end":{"line":6,"column":225}},"type":"cond-expr","locations":[{"start":{"line":6,"column":203},"end":{"line":6,"column":206}},{"start":{"line":6,"column":209},"end":{"line":6,"column":225}}],"line":6},"1":{"loc":{"start":{"line":6,"column":179},"end":{"line":6,"column":200}},"type":"binary-expr","locations":[{"start":{"line":6,"column":179},"end":{"line":6,"column":182}},{"start":{"line":6,"column":186},"end":{"line":6,"column":200}}],"line":6},"2":{"loc":{"start":{"line":22,"column":11},"end":{"line":22,"column":50}},"type":"cond-expr","locations":[{"start":{"line":22,"column":25},"end":{"line":22,"column":45}},{"start":{"line":22,"column":48},"end":{"line":22,"column":50}}],"line":22},"3":{"loc":{"start":{"line":45,"column":31},"end":{"line":46,"column":57}},"type":"cond-expr","locations":[{"start":{"line":46,"column":4},"end":{"line":46,"column":29}},{"start":{"line":46,"column":32},"end":{"line":46,"column":57}}],"line":45}},"s":{"0":0,"1":0,"2":0,"3":0,"4":0,"5":0,"6":0,"7":0,"8":0,"9":0,"10":0,"11":0,"12":0,"13":0,"14":0,"15":0,"16":0,"17":0,"18":0,"19":0,"20":0,"21":0,"22":0,"23":0,"24":0,"25":0,"26":0},"f":{"0":0,"1":0,"2":0,"3":0,"4":0,"5":0,"6":0,"7":0,"8":0,"9":0,"10":0,"11":0,"12":0,"13":0,"14":0,"15":0,"16":0},"b":{"0":[0,0],"1":[0,0],"2":[0,0],"3":[0,0]}}
,"F:\\Workspace\\Finder\\interactive-table\\react-interactive-table\\src\\containers\\interactiveTable\\Styles.js": {"path":"F:\\Workspace\\Finder\\interactive-table\\react-interactive-table\\src\\containers\\interactiveTable\\Styles.js","statementMap":{"0":{"start":{"line":1,"column":39},"end":{"line":1,"column":101}},"1":{"start":{"line":1,"column":116},"end":{"line":4,"column":18}}},"fnMap":{},"branchMap":{},"s":{"0":0,"1":0},"f":{},"b":{}}
,"F:\\Workspace\\Finder\\interactive-table\\react-interactive-table\\src\\containers\\root\\Container.js": {"path":"F:\\Workspace\\Finder\\interactive-table\\react-interactive-table\\src\\containers\\root\\Container.js","statementMap":{"0":{"start":{"line":1,"column":39},"end":{"line":1,"column":101}},"1":{"start":{"line":1,"column":120},"end":{"line":1,"column":224}},"2":{"start":{"line":11,"column":209},"end":{"line":11,"column":263}},"3":{"start":{"line":15,"column":2},"end":{"line":15,"column":15}},"4":{"start":{"line":16,"column":2},"end":{"line":19,"column":18}},"5":{"start":{"line":21,"column":2},"end":{"line":21,"column":45}},"6":{"start":{"line":24,"column":2},"end":{"line":24,"column":38}},"7":{"start":{"line":25,"column":2},"end":{"line":25,"column":17}},"8":{"start":{"line":34,"column":2},"end":{"line":34,"column":17}},"9":{"start":{"line":37,"column":2},"end":{"line":40,"column":19}},"10":{"start":{"line":44,"column":2},"end":{"line":46,"column":25}},"11":{"start":{"line":50,"column":21},"end":{"line":50,"column":42}},"12":{"start":{"line":51,"column":18},"end":{"line":51,"column":46}},"13":{"start":{"line":53,"column":2},"end":{"line":75,"column":235}}},"fnMap":{"0":{"name":"_interopRequireDefault","decl":{"start":{"line":11,"column":180},"end":{"line":11,"column":202}},"loc":{"start":{"line":11,"column":208},"end":{"line":11,"column":264}},"line":11},"1":{"name":"(anonymous_1)","decl":{"start":{"line":14,"column":1},"end":{"line":14,"column":2}},"loc":{"start":{"line":14,"column":20},"end":{"line":22,"column":2}},"line":14},"2":{"name":"(anonymous_2)","decl":{"start":{"line":23,"column":1},"end":{"line":23,"column":2}},"loc":{"start":{"line":23,"column":13},"end":{"line":26,"column":2}},"line":23},"3":{"name":"(anonymous_3)","decl":{"start":{"line":27,"column":1},"end":{"line":27,"column":2}},"loc":{"start":{"line":27,"column":11},"end":{"line":32,"column":2}},"line":27},"4":{"name":"(anonymous_4)","decl":{"start":{"line":33,"column":1},"end":{"line":33,"column":2}},"loc":{"start":{"line":33,"column":21},"end":{"line":35,"column":2}},"line":33},"5":{"name":"(anonymous_5)","decl":{"start":{"line":36,"column":1},"end":{"line":36,"column":2}},"loc":{"start":{"line":36,"column":21},"end":{"line":42,"column":2}},"line":36},"6":{"name":"(anonymous_6)","decl":{"start":{"line":43,"column":1},"end":{"line":43,"column":2}},"loc":{"start":{"line":43,"column":19},"end":{"line":48,"column":2}},"line":43},"7":{"name":"(anonymous_7)","decl":{"start":{"line":49,"column":1},"end":{"line":49,"column":2}},"loc":{"start":{"line":49,"column":10},"end":{"line":81,"column":2}},"line":49}},"branchMap":{"0":{"loc":{"start":{"line":11,"column":216},"end":{"line":11,"column":262}},"type":"cond-expr","locations":[{"start":{"line":11,"column":240},"end":{"line":11,"column":243}},{"start":{"line":11,"column":246},"end":{"line":11,"column":262}}],"line":11},"1":{"loc":{"start":{"line":11,"column":216},"end":{"line":11,"column":237}},"type":"binary-expr","locations":[{"start":{"line":11,"column":216},"end":{"line":11,"column":219}},{"start":{"line":11,"column":223},"end":{"line":11,"column":237}}],"line":11},"2":{"loc":{"start":{"line":63,"column":6},"end":{"line":64,"column":230}},"type":"binary-expr","locations":[{"start":{"line":63,"column":6},"end":{"line":63,"column":16}}],"line":63},"3":{"loc":{"start":{"line":66,"column":6},"end":{"line":69,"column":78}},"type":"binary-expr","locations":[{"start":{"line":66,"column":6},"end":{"line":66,"column":13}},{"start":{"line":66,"column":17},"end":{"line":66,"column":28}}],"line":66},"4":{"loc":{"start":{"line":74,"column":6},"end":{"line":75,"column":230}},"type":"binary-expr","locations":[{"start":{"line":74,"column":6},"end":{"line":74,"column":14}},{"start":{"line":74,"column":18},"end":{"line":74,"column":29}}],"line":74}},"s":{"0":0,"1":0,"2":0,"3":0,"4":0,"5":0,"6":0,"7":0,"8":0,"9":0,"10":0,"11":0,"12":0,"13":0},"f":{"0":0,"1":0,"2":0,"3":0,"4":0,"5":0,"6":0,"7":0},"b":{"0":[0,0],"1":[0,0],"2":[0],"3":[0,0],"4":[0,0]}}
,"F:\\Workspace\\Finder\\interactive-table\\react-interactive-table\\src\\containers\\root\\Styles.js": {"path":"F:\\Workspace\\Finder\\interactive-table\\react-interactive-table\\src\\containers\\root\\Styles.js","statementMap":{"0":{"start":{"line":1,"column":39},"end":{"line":1,"column":101}},"1":{"start":{"line":3,"column":15},"end":{"line":11,"column":18}}},"fnMap":{},"branchMap":{},"s":{"0":0,"1":0},"f":{},"b":{}}
,"F:\\Workspace\\Finder\\interactive-table\\react-interactive-table\\src\\themes\\Main.js": {"path":"F:\\Workspace\\Finder\\interactive-table\\react-interactive-table\\src\\themes\\Main.js","statementMap":{},"fnMap":{},"branchMap":{},"s":{},"f":{},"b":{}}
}
